<?xml version="1.0" encoding="utf-8"?><testsuites><testsuite name="pytest" errors="0" failures="0" skipped="0" tests="5" time="18.112" timestamp="2021-10-12T21:16:17.026001" hostname="Jasurbeks-MBP"><testcase classname="tests.main_tests.TestFixapp" name="test_login_page" time="4.102" /><testcase classname="tests.main_tests.TestFixapp" name="test_login_text" time="4.005" /><testcase classname="tests.main_tests.TestFixapp" name="test_login" time="7.039" /><testcase classname="tests.main_tests.TestFixapp" name="test_search_stock[AAPL]" time="7.970" /><testcase classname="tests.main_tests.TestFixapp" name="test_search_stock[FB]" time="6.578" /></testsuite></testsuites>